0 info it worked if it ends with ok
1 verbose cli [ '/Users/kirkstrobeck/.nvm/versions/node/v7.0.0/bin/node',
1 verbose cli   '/Users/kirkstrobeck/.nvm/versions/node/v7.0.0/bin/npm',
1 verbose cli   'run',
1 verbose cli   'test:lint' ]
2 info using npm@3.10.8
3 info using node@v7.0.0
4 verbose run-script [ 'pretest:lint', 'test:lint', 'posttest:lint' ]
5 info lifecycle @~pretest:lint: @
6 silly lifecycle @~pretest:lint: no script for pretest:lint, continuing
7 info lifecycle @~test:lint: @
8 verbose lifecycle @~test:lint: unsafe-perm in lifecycle true
9 verbose lifecycle @~test:lint: PATH: /Users/kirkstrobeck/.nvm/versions/node/v7.0.0/lib/node_modules/npm/bin/node-gyp-bin:/Users/kirkstrobeck/Desktop/sass-only-webpack/node_modules/.bin:/Users/kirkstrobeck/dropbox-personal/Sync/usr/local:/Users/kirkstrobeck/dropbox-personal/Sync/usr/local/google-cloud-sdk/bin:/Users/kirkstrobeck/.nvm/versions/node/v7.0.0/bin:~/.nvm/versions/node/v5.5.0/bin:/usr/local/bin:/usr/bin:/bin:/usr/sbin:/sbin:/Users/kirkstrobeck/.rvm/bin
10 verbose lifecycle @~test:lint: CWD: /Users/kirkstrobeck/Desktop/sass-only-webpack
11 silly lifecycle @~test:lint: Args: [ '-c', 'eslint webpack' ]
12 silly lifecycle @~test:lint: Returned: code: 1  signal: null
13 info lifecycle @~test:lint: Failed to exec test:lint script
14 verbose stack Error: @ test:lint: `eslint webpack`
14 verbose stack Exit status 1
14 verbose stack     at EventEmitter.<anonymous> (/Users/kirkstrobeck/.nvm/versions/node/v7.0.0/lib/node_modules/npm/lib/utils/lifecycle.js:255:16)
14 verbose stack     at emitTwo (events.js:106:13)
14 verbose stack     at EventEmitter.emit (events.js:191:7)
14 verbose stack     at ChildProcess.<anonymous> (/Users/kirkstrobeck/.nvm/versions/node/v7.0.0/lib/node_modules/npm/lib/utils/spawn.js:40:14)
14 verbose stack     at emitTwo (events.js:106:13)
14 verbose stack     at ChildProcess.emit (events.js:191:7)
14 verbose stack     at maybeClose (internal/child_process.js:877:16)
14 verbose stack     at Process.ChildProcess._handle.onexit (internal/child_process.js:226:5)
15 verbose pkgid @
16 verbose cwd /Users/kirkstrobeck/Desktop/sass-only-webpack
17 error Darwin 16.1.0
18 error argv "/Users/kirkstrobeck/.nvm/versions/node/v7.0.0/bin/node" "/Users/kirkstrobeck/.nvm/versions/node/v7.0.0/bin/npm" "run" "test:lint"
19 error node v7.0.0
20 error npm  v3.10.8
21 error code ELIFECYCLE
22 error @ test:lint: `eslint webpack`
22 error Exit status 1
23 error Failed at the @ test:lint script 'eslint webpack'.
23 error Make sure you have the latest version of node.js and npm installed.
23 error If you do, this is most likely a problem with the  package,
23 error not with npm itself.
23 error Tell the author that this fails on your system:
23 error     eslint webpack
23 error You can get information on how to open an issue for this project with:
23 error     npm bugs
23 error Or if that isn't available, you can get their info via:
23 error     npm owner ls
23 error There is likely additional logging output above.
24 verbose exit [ 1, true ]
